<?xml version="1.0" encoding="UTF-8"?>
<!-- Generated by org.testng.reporters.JUnitReportReporter -->
<testsuite hostname="DESKTOP-GRATAQO" failures="0" tests="1" name="Tests.settings" time="0.003" errors="0" timestamp="2024-09-22T17:15:58 IST" skipped="0">
  <testcase classname="Tests.settings" name="new12" time="0.003"/>
</testsuite> <!-- Tests.settings -->
