<?xml version="1.0" encoding="UTF-8"?>
<!-- Generated by org.testng.reporters.JUnitReportReporter -->
<testsuite hostname="DESKTOP-GRATAQO" failures="0" tests="1" name="Tests.Live_Feed" time="0.011" errors="0" timestamp="2024-09-22T02:39:33 IST" skipped="0">
  <testcase classname="Tests.Live_Feed" name="main" time="0.011"/>
</testsuite> <!-- Tests.Live_Feed -->
