<?xml version="1.0" encoding="UTF-8"?>
<!-- Generated by org.testng.reporters.JUnitReportReporter -->
<testsuite hostname="DESKTOP-GRATAQO" failures="0" tests="1" name="Tests.settings" time="0.002" errors="0" timestamp="2024-09-22T20:01:09 IST" skipped="0">
  <testcase classname="Tests.settings" name="new12" time="0.002"/>
</testsuite> <!-- Tests.settings -->
