<?xml version="1.0" encoding="UTF-8"?>
<!-- Generated by org.testng.reporters.JUnitReportReporter -->
<testsuite hostname="DESKTOP-GRATAQO" failures="0" tests="3" name="Tests.BaseClass" time="12.440" errors="0" timestamp="2024-09-22T00:33:12 IST" skipped="0">
  <testcase classname="Tests.BaseClass" name="sampleTest2" time="0.001"/>
  <testcase classname="Tests.BaseClass" name="sampleTest" time="12.435"/>
  <testcase classname="Tests.BaseClass" name="sampleTest1" time="0.004"/>
</testsuite> <!-- Tests.BaseClass -->
