<?xml version="1.0" encoding="UTF-8"?>
<!-- Generated by org.testng.reporters.JUnitReportReporter -->
<testsuite hostname="DESKTOP-GRATAQO" failures="0" tests="1" name="Tests.Menu" time="0.011" errors="0" timestamp="2024-09-22T14:51:30 IST" skipped="0">
  <testcase classname="Tests.Menu" name="new12" time="0.011"/>
</testsuite> <!-- Tests.Menu -->
